C51 COMPILER V9.54   FRAG_6                                                                07/13/2016 17:45:25 PAGE 1   


C51 COMPILER V9.54, COMPILATION OF MODULE FRAG_6
OBJECT MODULE PLACED IN .\Objects\frag_6.obj
COMPILER INVOKED BY: E:\Keil_v5\C51\BIN\C51.EXE frag_6.c LARGE OPTIMIZE(8,SPEED) BROWSE DEBUG OBJECTEXTEND PRINT(.\Listi
                    -ngs\frag_6.lst) TABS(2) OBJECT(.\Objects\frag_6.obj)

line level    source

   1          #include<reg52.h>
   2          #include"frag4.h"
   3          #include"frag6.h"
   4          
   5          unsigned char i;
   6          unsigned char LEDMAP[8] = //一个暗，其余亮
   7          {
   8            0x01, 0x02, 0x04, 0x08, 0x10, 0x20, 0x40, 0x80
   9          };
  10          
  11          unsigned char LEDMAP_1[8] =    //一个亮，其余暗
  12          {
  13            0xfe, 0xfd, 0xfb, 0xf7, 0xef, 0xdf, 0xbf, 0x7f
  14          };
  15          void delay( unsigned int CNT )
  16          {
  17   1         unsigned char i;
  18   1      
  19   1         while ( CNT-- != 0)
  20   1          for( i=100; i != 0; --i)
  21   1            ;
  22   1      }
  23          
  24          void LS()
  25          { 
  26   1        int ret=1;
  27   1        P2=0x5f;
  28   1        while(ret)
  29   1        {
  30   2          for(i=0; i<8; ++i)
  31   2          {
  32   3            if(TestKey()){
  33   4            ret=0;
  34   4            };
  35   3            P0 =  LEDMAP_1[i];
  36   3            delay(200);
  37   3          }
  38   2        }
  39   1      }


MODULE INFORMATION:   STATIC OVERLAYABLE
   CODE SIZE        =     99    ----
   CONSTANT SIZE    =   ----    ----
   XDATA SIZE       =     17       2
   PDATA SIZE       =   ----    ----
   DATA SIZE        =   ----    ----
   IDATA SIZE       =   ----    ----
   BIT SIZE         =   ----    ----
END OF MODULE INFORMATION.


C51 COMPILATION COMPLETE.  0 WARNING(S),  0 ERROR(S)
