C51 COMPILER V9.54   FRAG_4                                                                07/13/2016 17:45:24 PAGE 1   


C51 COMPILER V9.54, COMPILATION OF MODULE FRAG_4
OBJECT MODULE PLACED IN .\Objects\frag_4.obj
COMPILER INVOKED BY: E:\Keil_v5\C51\BIN\C51.EXE frag_4.c LARGE OPTIMIZE(8,SPEED) BROWSE DEBUG OBJECTEXTEND PRINT(.\Listi
                    -ngs\frag_4.lst) TABS(2) OBJECT(.\Objects\frag_4.obj)

line level    source

   1          #include<reg52.h>
   2          #include<absacc.h>
   3          #include"frag1.h"
   4          #include"frag4.h"
   5          #include"frag6.h"
   6          #include"musicplayer.h"
   7          #define PC XBYTE [0x7ffe]
   8          code unsigned char KeyTable[]={   // ¼üÂë¶¨Òå
   9            0x03,0x07,0x0b,0x0f,
  10            0x02,0x06, 0x0a,0x0e,   
  11            0x01,0x05,0x09,0x0d,   
  12            0x00,0x04, 0x08, 0x0c ,
  13          };
  14          unsigned char key;
  15          void Delay_Key(unsigned char k){
  16   1        unsigned char i,j;
  17   1        for(j=k;j>0;j--)  
  18   1        for (i=300;i>0;i--); 
  19   1      }
  20          unsigned char TestKey(){
  21   1        unsigned char IN;
  22   1        IN=PC&0x0f;
  23   1        return(~IN&0x0f);
  24   1      }
  25          unsigned char GetKey(){
  26   1        unsigned char Pos;
  27   1        unsigned char i;
  28   1        unsigned char k;
  29   1        i=4;
  30   1        Pos=0x80;    
  31   1        do{
  32   2          PC = ~Pos;
  33   2          Pos >>= 1;
  34   2          Delay_Key(50);
  35   2          k=~PC & 0x0f;
  36   2        } 
  37   1        while((--i != 0)&&(k == 0));
  38   1        if(k!=0){
  39   2        i*=4;
  40   2        if(k&2)i+=1;
  41   2        else if(k&4)i+=2;
  42   2        else if(k&8)i+=3;
  43   2        
  44   2        PC=0;
  45   2        do Delay_Key(10); 
  46   2        while (TestKey()); 
  47   2      
  48   2        return(KeyTable[i]);  
  49   2        } 
  50   1        else return(0xff);
  51   1      }


MODULE INFORMATION:   STATIC OVERLAYABLE
C51 COMPILER V9.54   FRAG_4                                                                07/13/2016 17:45:24 PAGE 2   

   CODE SIZE        =    113    ----
   CONSTANT SIZE    =     16    ----
   XDATA SIZE       =      1    ----
   PDATA SIZE       =   ----    ----
   DATA SIZE        =   ----    ----
   IDATA SIZE       =   ----    ----
   BIT SIZE         =   ----    ----
END OF MODULE INFORMATION.


C51 COMPILATION COMPLETE.  0 WARNING(S),  0 ERROR(S)
