C51 COMPILER V9.54   FRAG_1                                                                07/13/2016 17:45:24 PAGE 1   


C51 COMPILER V9.54, COMPILATION OF MODULE FRAG_1
OBJECT MODULE PLACED IN .\Objects\frag_1.obj
COMPILER INVOKED BY: E:\Keil_v5\C51\BIN\C51.EXE frag_1.c LARGE OPTIMIZE(8,SPEED) BROWSE DEBUG OBJECTEXTEND PRINT(.\Listi
                    -ngs\frag_1.lst) TABS(2) OBJECT(.\Objects\frag_1.obj)

line level    source

   1          #include<reg52.h>
   2          #include<absacc.h>
   3          #include"frag1.h"
   4          #include"frag3.h"
   5          #include"musicplayer.h"
   6          xdata unsigned char PA _at_ 0x7ffc ; // Port A
   7          xdata unsigned char PB _at_ 0x7ffd ; // Port B
   8          xdata unsigned char PC _at_ 0x7ffe ; // Port C
   9          xdata unsigned char COM _at_ 0x7fff ; // ¿ØÖÆ×ÖµØÖ·
  10          void ini_8255()
  11          {
  12   1        COM=mode;
  13   1      }


MODULE INFORMATION:   STATIC OVERLAYABLE
   CODE SIZE        =      7    ----
   CONSTANT SIZE    =   ----    ----
   XDATA SIZE       =   ----    ----
   PDATA SIZE       =   ----    ----
   DATA SIZE        =   ----    ----
   IDATA SIZE       =   ----    ----
   BIT SIZE         =   ----    ----
END OF MODULE INFORMATION.


C51 COMPILATION COMPLETE.  0 WARNING(S),  0 ERROR(S)
