C51 COMPILER V9.54   FRAG_5                                                                07/13/2016 17:45:25 PAGE 1   


C51 COMPILER V9.54, COMPILATION OF MODULE FRAG_5
OBJECT MODULE PLACED IN .\Objects\frag_5.obj
COMPILER INVOKED BY: E:\Keil_v5\C51\BIN\C51.EXE frag_5.c LARGE OPTIMIZE(8,SPEED) BROWSE DEBUG OBJECTEXTEND PRINT(.\Listi
                    -ngs\frag_5.lst) TABS(2) OBJECT(.\Objects\frag_5.obj)

line level    source

   1          #include<reg52.h>
   2          #include<absacc.h>
   3          #include"frag1.h"
   4          #include"frag4.h"
   5          #include"frag5.h"
   6          #define PA XBYTE [0x7ffc]
   7          #define COM XBYTE [0x7fff]
   8          unsigned int n;
   9          unsigned char DOTBIT[8]={0xfe,0xfd,0xfb,0xf7,0xef,0xdf,0xbf,0x7f};//列码
  10          unsigned char DOTMAP[]={
  11              0x00,0xff,0xff,0xc3,0xc3,0xff,0xff,0x00,//0 行码
  12              0x00,0x00,0x00,0xff,0xff,0x00,0x00,0x00,//1
  13              0x00,0xfb,0xfb,0xdb,0xdb,0xdf,0xdf,0x00,//2
  14              0x00,0xdb,0xdb,0xdb,0xdb,0xff,0xff,0x00,//3
  15              0x00,0x1f,0x1f,0x18,0x18,0xff,0xff,0x00,//4
  16              0x00,0xdf,0xdf,0xdb,0xdb,0xfb,0xfb,0x00,//5
  17              0x00,0xff,0xff,0xdb,0xdb,0xfb,0xfb,0x00,//6
  18              0x00,0x03,0x03,0x03,0x03,0xff,0xff,0x00,//7
  19              0x00,0xff,0xff,0xdb,0xdb,0xff,0xff,0x00,//8
  20              0x00,0xdf,0xdf,0xdb,0xdb,0xff,0xff,0x00,//9
  21          };
  22          void Delay1(unsigned char CNT){//延时
  23   1          unsigned char i;
  24   1          while(CNT--)
  25   1          for(i=0;i<100;i++);
  26   1      }
  27          void Dotmatrix(){//点阵显示接口
  28   1          unsigned char i,k=60;
  29   1          if(!TestKey()){
  30   2          for(k;k>0;k--){
  31   3            for(i=0;i<8;i++){   
  32   4              P1=DOTBIT[i];//分列点亮
  33   4                PA=DOTMAP[i+n*8];//送行码
  34   4                Delay1(2);
  35   4              }
  36   3            }
  37   2        }
  38   1      }
  39          void juzhenled(){
  40   1          COM=mode;
  41   1          for(n=0;n<10;n++){
  42   2          Dotmatrix();  
  43   2        }
  44   1        P1=0xff;//分列点亮
  45   1      }


MODULE INFORMATION:   STATIC OVERLAYABLE
   CODE SIZE        =    162    ----
   CONSTANT SIZE    =   ----    ----
   XDATA SIZE       =     90       1
   PDATA SIZE       =   ----    ----
   DATA SIZE        =   ----    ----
   IDATA SIZE       =   ----    ----
C51 COMPILER V9.54   FRAG_5                                                                07/13/2016 17:45:25 PAGE 2   

   BIT SIZE         =   ----    ----
END OF MODULE INFORMATION.


C51 COMPILATION COMPLETE.  0 WARNING(S),  0 ERROR(S)
